[debug] > Exec(early(addDefaultCommands), None, None)
[debug] > Exec(addDefaultCommands, None, None)
[debug] > Exec(early(initialize), None, None)
[debug] > Exec(initialize, None, None)
[debug] > Exec(early(addPluginSbtFile="""C:\Users\Brian\AppData\Local\Temp\idea.sbt"""), None, None)
[debug] > Exec(addPluginSbtFile="""C:\Users\Brian\AppData\Local\Temp\idea.sbt""", None, None)
[debug] > Exec(boot, None, None)
[debug] > Exec(writeSbtVersion, None, None)
[debug] > Exec(reload, None, None)
[debug] > Exec(sbtStashOnFailure, None, None)
[debug] > Exec(onFailure loadFailed, None, None)
[debug] > Exec(loadp, None, None)
[info] welcome to sbt 1.6.2 (Oracle Corporation Java 1.8.0_311)
[debug]       Load.loadUnit: plugins took 66.1764ms
[debug]       Load.loadUnit: defsScala took 0.2181ms
[debug] [Loading] Scanning directory C:\Users\Brian\.sbt\1.0\plugins
[debug] [Loading] Found non-root projects 
[debug] [Loading] Done in C:\Users\Brian\.sbt\1.0\plugins, returning: ()
[debug] deducing auto plugins based on known facts Set(Atom(sbt.plugins.CorePlugin)) and clauses Clauses(Clause(Atom(sbt.plugins.JvmPlugin),Set(Atom(sbt.plugins.IvyPlugin)))
[debug] Clause(Atom(sbt.ScriptedPlugin),Set(Atom(sbt.plugins.JvmPlugin)))
[debug] Clause(Atom(sbt.plugins.SbtPlugin),Set(Atom(sbt.ScriptedPlugin)))
[debug] Clause(Atom(sbt.plugins.SemanticdbPlugin),Set(Atom(sbt.plugins.JvmPlugin)))
[debug] Clause(Atom(sbt.plugins.JUnitXmlReportPlugin),Set(Atom(sbt.plugins.JvmPlugin)))
[debug] Clause(Atom(sbt.plugins.MiniDependencyTreePlugin),Set(Atom(sbt.plugins.JvmPlugin)))
[debug] Clause(Atom(sbt.plugins.CorePlugin),Set(Atom(sbt.plugins.IvyPlugin)))
[debug] Clause(Atom(sbt.plugins.IvyPlugin),Set(Atom(sbt.plugins.JvmPlugin)))
[debug] Clause(Atom(sbt.plugins.JvmPlugin),Set(Atom(sbt.plugins.SemanticdbPlugin)))
[debug] Clause(Atom(sbt.plugins.JvmPlugin),Set(Atom(sbt.plugins.JUnitXmlReportPlugin)))
[debug] Clause(Atom(sbt.plugins.CorePlugin),Set(Atom(sbt.plugins.Giter8TemplatePlugin)))
[debug] Clause(Atom(sbt.plugins.JvmPlugin),Set(Atom(sbt.plugins.MiniDependencyTreePlugin))))
[debug]   :: deduced result: Matched(sbt.plugins.CorePlugin,sbt.plugins.Giter8TemplatePlugin,sbt.plugins.IvyPlugin,sbt.plugins.JvmPlugin,sbt.plugins.MiniDependencyTreePlugin,sbt.plugins.JUnitXmlReportPlugin,sbt.plugins.SemanticdbPlugin)
[debug] Plugins.deducer#function took 10.4852 ms
[debug]           Load.resolveProject(global-plugins) took 36.6445ms
[debug]         Load.loadTransitive: finalizeProject(Project(id global-plugins, base: C:\Users\Brian\.sbt\1.0\plugins, plugins: List(<none>))) took 65.7958ms
[debug] [Loading] Done in C:\Users\Brian\.sbt\1.0\plugins, returning: (global-plugins)
[debug]       Load.loadUnit: loadedProjectsRaw took 80.7246ms
[debug]       Load.loadUnit: cleanEvalClasses took 0.1413ms
[debug]     Load.loadUnit(file:/C:/Users/Brian/.sbt/1.0/plugins/, ...) took 152.5319ms
[debug]   Load.apply: load took 295.5619ms
[debug]   Load.apply: resolveProjects took 4.1378ms
[debug]   Load.apply: finalTransforms took 47.6822ms
[debug]   Load.apply: config.delegates took 8.2ms
[debug]   Load.apply: Def.make(settings)... took 373.9597ms
[debug]   Load.apply: structureIndex took 90.4816ms
[debug]   Load.apply: mkStreams took 1.6755ms
[info] loading global plugins from C:\Users\Brian\.sbt\1.0\plugins
[debug] Running task... Cancel: Signal, check cycles: false, forcegc: true
[debug] Load.defaultLoad until apply took 5799.4345ms
[debug]           Load.loadUnit: plugins took 13.9525ms
[debug]           Load.loadUnit: defsScala took 0.0022ms
[debug] [Loading] Scanning directory C:\Users\Brian\OneDrive - UMGC\Revature\Code\Homework 1\project
[debug]             Load.loadUnit: mkEval took 9.1831ms
[debug] [Loading] Found non-root projects 
[debug] [Loading] Done in C:\Users\Brian\OneDrive - UMGC\Revature\Code\Homework 1\project, returning: ()
[debug] deducing auto plugins based on known facts Set(Atom(sbt.plugins.CorePlugin)) and clauses Clauses(Clause(Atom(sbt.plugins.JvmPlugin),Set(Atom(sbt.plugins.IvyPlugin)))
[debug] Clause(Atom(sbt.ScriptedPlugin),Set(Atom(sbt.plugins.JvmPlugin)))
[debug] Clause(Atom(sbt.plugins.SbtPlugin),Set(Atom(sbt.ScriptedPlugin)))
[debug] Clause(Atom(sbt.plugins.SemanticdbPlugin),Set(Atom(sbt.plugins.JvmPlugin)))
[debug] Clause(Atom(sbt.plugins.JUnitXmlReportPlugin),Set(Atom(sbt.plugins.JvmPlugin)))
[debug] Clause(Atom(sbt.plugins.MiniDependencyTreePlugin),Set(Atom(sbt.plugins.JvmPlugin)))
[debug] Clause(Atom(sbt.plugins.CorePlugin),Set(Atom(sbt.plugins.IvyPlugin)))
[debug] Clause(Atom(sbt.plugins.IvyPlugin),Set(Atom(sbt.plugins.JvmPlugin)))
[debug] Clause(Atom(sbt.plugins.JvmPlugin),Set(Atom(sbt.plugins.SemanticdbPlugin)))
[debug] Clause(Atom(sbt.plugins.JvmPlugin),Set(Atom(sbt.plugins.JUnitXmlReportPlugin)))
[debug] Clause(Atom(sbt.plugins.CorePlugin),Set(Atom(sbt.plugins.Giter8TemplatePlugin)))
[debug] Clause(Atom(sbt.plugins.JvmPlugin),Set(Atom(sbt.plugins.MiniDependencyTreePlugin))))
[debug]   :: deduced result: Matched(sbt.plugins.CorePlugin,sbt.plugins.Giter8TemplatePlugin,sbt.plugins.IvyPlugin,sbt.plugins.JvmPlugin,sbt.plugins.MiniDependencyTreePlugin,sbt.plugins.JUnitXmlReportPlugin,sbt.plugins.SemanticdbPlugin)
[debug] Plugins.deducer#function took 1.3517 ms
[info] loading settings for project homework-1-build from idea.sbt ...
[debug]               Load.resolveProject(homework-1-build) took 7.3975ms
[debug]             Load.loadTransitive: finalizeProject(Project(id homework-1-build, base: C:\Users\Brian\OneDrive - UMGC\Revature\Code\Homework 1\project, plugins: List(<none>))) took 9.0933ms
[debug] [Loading] Done in C:\Users\Brian\OneDrive - UMGC\Revature\Code\Homework 1\project, returning: (homework-1-build)
[debug]           Load.loadUnit: loadedProjectsRaw took 1842.6519ms
[debug]           Load.loadUnit: cleanEvalClasses took 3.2446ms
[debug]         Load.loadUnit(file:/C:/Users/Brian/OneDrive%20-%20UMGC/Revature/Code/Homework%201/project/, ...) took 1860.6402ms
[debug]       Load.apply: load took 1861.8717ms
[debug]       Load.apply: resolveProjects took 0.0808ms
[debug]       Load.apply: finalTransforms took 7.8005ms
[debug]       Load.apply: config.delegates took 0.393ms
[debug]       Load.apply: Def.make(settings)... took 79.0126ms
[debug]       Load.apply: structureIndex took 17.9785ms
[debug]       Load.apply: mkStreams took 0.0039ms
[info] loading project definition from C:\Users\Brian\OneDrive - UMGC\Revature\Code\Homework 1\project
[debug] Running task... Cancel: Signal, check cycles: false, forcegc: true
[warn] Unrecognized repository Scala Plugin Bundled Repository, ignoring it
[warn] Unrecognized repository Scala Plugin Bundled Repository, ignoring it
[warn] Canceling execution...
[error] Cancelled: loadp
[error] Cancelled: loadp
[error] Use 'last' for the full log.
[debug] > Exec(loadFailed, None, None)
[warn] Project loading failed: (r)etry, (q)uit, (l)ast, or (i)gnore? (default: r)
